02-Sep-2020 23:45:00.718 정보 [main] org.apache.catalina.startup.VersionLoggerListener.log 서버 버전 이름:        Apache Tomcat/8.5.56
02-Sep-2020 23:45:00.723 정보 [main] org.apache.catalina.startup.VersionLoggerListener.log Server 빌드 시각:          Jun 3 2020 20:18:30 UTC
02-Sep-2020 23:45:00.723 정보 [main] org.apache.catalina.startup.VersionLoggerListener.log Server 버전 번호:         8.5.56.0
02-Sep-2020 23:45:00.723 정보 [main] org.apache.catalina.startup.VersionLoggerListener.log 운영체제 이름:               Windows 10
02-Sep-2020 23:45:00.723 정보 [main] org.apache.catalina.startup.VersionLoggerListener.log 운영체제 버전:            10.0
02-Sep-2020 23:45:00.723 정보 [main] org.apache.catalina.startup.VersionLoggerListener.log 아키텍처:          amd64
02-Sep-2020 23:45:00.723 정보 [main] org.apache.catalina.startup.VersionLoggerListener.log 자바 홈:             C:\Program Files\Java\jdk1.8.0_261\jre
02-Sep-2020 23:45:00.723 정보 [main] org.apache.catalina.startup.VersionLoggerListener.log JVM 버전:           1.8.0_261-b12
02-Sep-2020 23:45:00.723 정보 [main] org.apache.catalina.startup.VersionLoggerListener.log JVM 벤더:            Oracle Corporation
02-Sep-2020 23:45:00.723 정보 [main] org.apache.catalina.startup.VersionLoggerListener.log CATALINA_BASE:         C:\apache-tomcat-8.5.56
02-Sep-2020 23:45:00.724 정보 [main] org.apache.catalina.startup.VersionLoggerListener.log CATALINA_HOME:         C:\apache-tomcat-8.5.56
02-Sep-2020 23:45:00.724 정보 [main] org.apache.catalina.startup.VersionLoggerListener.log 명령 행 아규먼트: -Djava.util.logging.config.file=C:\apache-tomcat-8.5.56\conf\logging.properties
02-Sep-2020 23:45:00.725 정보 [main] org.apache.catalina.startup.VersionLoggerListener.log 명령 행 아규먼트: -Djava.util.logging.manager=org.apache.juli.ClassLoaderLogManager
02-Sep-2020 23:45:00.725 정보 [main] org.apache.catalina.startup.VersionLoggerListener.log 명령 행 아규먼트: -Djdk.tls.ephemeralDHKeySize=2048
02-Sep-2020 23:45:00.726 정보 [main] org.apache.catalina.startup.VersionLoggerListener.log 명령 행 아규먼트: -Djava.protocol.handler.pkgs=org.apache.catalina.webresources
02-Sep-2020 23:45:00.726 정보 [main] org.apache.catalina.startup.VersionLoggerListener.log 명령 행 아규먼트: -Dignore.endorsed.dirs=
02-Sep-2020 23:45:00.727 정보 [main] org.apache.catalina.startup.VersionLoggerListener.log 명령 행 아규먼트: -Dcatalina.base=C:\apache-tomcat-8.5.56
02-Sep-2020 23:45:00.727 정보 [main] org.apache.catalina.startup.VersionLoggerListener.log 명령 행 아규먼트: -Dcatalina.home=C:\apache-tomcat-8.5.56
02-Sep-2020 23:45:00.728 정보 [main] org.apache.catalina.startup.VersionLoggerListener.log 명령 행 아규먼트: -Djava.io.tmpdir=C:\apache-tomcat-8.5.56\temp
02-Sep-2020 23:45:00.728 정보 [main] org.apache.catalina.core.AprLifecycleListener.lifecycleEvent APR 버전 [1.7.0]을(를) 사용한, APR 기반 Apache Tomcat Native 라이브러리 [1.2.24]을(를) 로드했습니다.
02-Sep-2020 23:45:00.730 정보 [main] org.apache.catalina.core.AprLifecycleListener.lifecycleEvent APR 용량정보들: IPv6 [true], sendfile [true], accept filters [false], random [true].
02-Sep-2020 23:45:00.730 정보 [main] org.apache.catalina.core.AprLifecycleListener.lifecycleEvent APR/OpenSSL 설정: useAprConnector [false], useOpenSSL [true]
02-Sep-2020 23:45:00.735 정보 [main] org.apache.catalina.core.AprLifecycleListener.initializeSSL OpenSSL이 성공적으로 초기화되었습니다: [OpenSSL 1.1.1g  21 Apr 2020]
02-Sep-2020 23:45:00.830 정보 [main] org.apache.coyote.AbstractProtocol.init 프로토콜 핸들러 ["http-nio-8080"]을(를) 초기화합니다.
02-Sep-2020 23:45:00.906 정보 [main] org.apache.tomcat.util.net.NioSelectorPool.getSharedSelector Using a shared selector for servlet write/read
02-Sep-2020 23:45:00.915 정보 [main] org.apache.catalina.startup.Catalina.load Initialization processed in 437 ms
02-Sep-2020 23:45:00.934 정보 [main] org.apache.catalina.core.StandardService.startInternal 서비스 [Catalina]을(를) 시작합니다.
02-Sep-2020 23:45:00.935 정보 [main] org.apache.catalina.core.StandardEngine.startInternal Starting Servlet Engine: Apache Tomcat/8.5.56
02-Sep-2020 23:45:00.942 정보 [localhost-startStop-1] org.apache.catalina.startup.HostConfig.deployDirectory 웹 애플리케이션 디렉토리 [C:\apache-tomcat-8.5.56\webapps\docs]을(를) 배치합니다.
02-Sep-2020 23:45:01.102 정보 [localhost-startStop-1] org.apache.catalina.startup.HostConfig.deployDirectory 웹 애플리케이션 디렉토리 [C:\apache-tomcat-8.5.56\webapps\docs]에 대한 배치가 [159] 밀리초에 완료되었습니다.
02-Sep-2020 23:45:01.105 정보 [localhost-startStop-1] org.apache.catalina.startup.HostConfig.deployDirectory 웹 애플리케이션 디렉토리 [C:\apache-tomcat-8.5.56\webapps\examples]을(를) 배치합니다.
02-Sep-2020 23:45:01.363 정보 [localhost-startStop-1] org.apache.catalina.startup.HostConfig.deployDirectory 웹 애플리케이션 디렉토리 [C:\apache-tomcat-8.5.56\webapps\examples]에 대한 배치가 [257] 밀리초에 완료되었습니다.
02-Sep-2020 23:45:01.364 정보 [localhost-startStop-1] org.apache.catalina.startup.HostConfig.deployDirectory 웹 애플리케이션 디렉토리 [C:\apache-tomcat-8.5.56\webapps\host-manager]을(를) 배치합니다.
02-Sep-2020 23:45:01.387 정보 [localhost-startStop-1] org.apache.catalina.startup.HostConfig.deployDirectory 웹 애플리케이션 디렉토리 [C:\apache-tomcat-8.5.56\webapps\host-manager]에 대한 배치가 [23] 밀리초에 완료되었습니다.
02-Sep-2020 23:45:01.389 정보 [localhost-startStop-1] org.apache.catalina.startup.HostConfig.deployDirectory 웹 애플리케이션 디렉토리 [C:\apache-tomcat-8.5.56\webapps\manager]을(를) 배치합니다.
02-Sep-2020 23:45:01.409 정보 [localhost-startStop-1] org.apache.catalina.startup.HostConfig.deployDirectory 웹 애플리케이션 디렉토리 [C:\apache-tomcat-8.5.56\webapps\manager]에 대한 배치가 [20] 밀리초에 완료되었습니다.
02-Sep-2020 23:45:01.411 정보 [localhost-startStop-1] org.apache.catalina.startup.HostConfig.deployDirectory 웹 애플리케이션 디렉토리 [C:\apache-tomcat-8.5.56\webapps\ROOT]을(를) 배치합니다.
02-Sep-2020 23:45:01.427 정보 [localhost-startStop-1] org.apache.catalina.startup.HostConfig.deployDirectory 웹 애플리케이션 디렉토리 [C:\apache-tomcat-8.5.56\webapps\ROOT]에 대한 배치가 [16] 밀리초에 완료되었습니다.
02-Sep-2020 23:45:01.430 정보 [main] org.apache.coyote.AbstractProtocol.start 프로토콜 핸들러 ["http-nio-8080"]을(를) 시작합니다.
02-Sep-2020 23:45:01.437 정보 [main] org.apache.catalina.startup.Catalina.start Server startup in 520 ms
